In file included from [01m[K/opt/ros/kinetic/include/ros/ros.h:40:0[m[K,
                 from [01m[K/home/plugit/lidar_mapping/src/find_moving_objects/src/laserscan_interpreter.cpp:38[m[K:
[01m[K/home/plugit/lidar_mapping/src/find_moving_objects/src/laserscan_interpreter.cpp:[m[K In function ‘[01m[Kint main(int, char**)[m[K’:
[01m[K/opt/ros/kinetic/include/ros/console.h:373:3:[m[K [01;31m[Kerror: [m[Kexpected unqualified-id before ‘[01m[Kdo[m[K’
   do \
[01;32m[K   ^[m[K
[01m[K/opt/ros/kinetic/include/ros/console.h:561:35:[m[K [01;36m[Knote: [m[Kin expansion of macro ‘[01m[KROS_LOG_COND[m[K’
 #define ROS_LOG(level, name, ...) ROS_LOG_COND(true, level, name, __VA_ARGS__)
[01;32m[K                                   ^[m[K
[01m[K/opt/ros/kinetic/include/rosconsole/macros_generated.h:214:24:[m[K [01;36m[Knote: [m[Kin expansion of macro ‘[01m[KROS_LOG[m[K’
 #define ROS_ERROR(...) ROS_LOG(::ros::console::levels::Error, ROSCONSOLE_DEFAULT_NAME, __VA_ARGS__)
[01;32m[K                        ^[m[K
[01m[K/home/plugit/lidar_mapping/src/find_moving_objects/src/laserscan_interpreter.cpp:523:8:[m[K [01;36m[Knote: [m[Kin expansion of macro ‘[01m[KROS_ERROR[m[K’
   ros::ROS_ERROR("YO");  
[01;32m[K        ^[m[K
In file included from [01m[K/opt/ros/kinetic/include/ros/ros.h:40:0[m[K,
                 from [01m[K/home/plugit/lidar_mapping/src/find_moving_objects/src/laserscan_interpreter.cpp:38[m[K:
[01m[K/home/plugit/lidar_mapping/src/find_moving_objects/src/laserscan_interpreter.cpp:[m[K In function ‘[01m[Kint main(int, char**)[m[K’:
[01m[K/opt/ros/kinetic/include/ros/console.h:373:3:[m[K [01;31m[Kerror: [m[Kexpected unqualified-id before ‘[01m[Kdo[m[K’
   do \
[01;32m[K   ^[m[K
[01m[K/opt/ros/kinetic/include/ros/console.h:561:35:[m[K [01;36m[Knote: [m[Kin expansion of macro ‘[01m[KROS_LOG_COND[m[K’
 #define ROS_LOG(level, name, ...) ROS_LOG_COND(true, level, name, __VA_ARGS__)
[01;32m[K                                   ^[m[K
[01m[K/opt/ros/kinetic/include/rosconsole/macros_generated.h:214:24:[m[K [01;36m[Knote: [m[Kin expansion of macro ‘[01m[KROS_LOG[m[K’
 #define ROS_ERROR(...) ROS_LOG(::ros::console::levels::Error, ROSCONSOLE_DEFAULT_NAME, __VA_ARGS__)
[01;32m[K                        ^[m[K
[01m[K/home/plugit/lidar_mapping/src/find_moving_objects/src/laserscan_interpreter.cpp:523:8:[m[K [01;36m[Knote: [m[Kin expansion of macro ‘[01m[KROS_ERROR[m[K’
   ros::ROS_ERROR("YO");  
[01;32m[K        ^[m[K
make[2]: *** [CMakeFiles/laserscanarray_interpreter_node.dir/src/laserscan_interpreter.cpp.o] Error 1
make[1]: *** [CMakeFiles/laserscanarray_interpreter_node.dir/all] Error 2
make[1]: *** Waiting for unfinished jobs....
make[2]: *** [CMakeFiles/laserscan_interpreter_node.dir/src/laserscan_interpreter.cpp.o] Error 1
make[1]: *** [CMakeFiles/laserscan_interpreter_node.dir/all] Error 2
make: *** [all] Error 2
