[01m[K/home/plugit/lidar_mapping/src/multiple-object-tracking-lidar/src/main.cpp:[m[K In function ‘[01m[Kvoid KFT(std_msgs::Float32MultiArray)[m[K’:
[01m[K/home/plugit/lidar_mapping/src/multiple-object-tracking-lidar/src/main.cpp:129:101:[m[K [01;31m[Kerror: [m[K‘[01m[KKF5[m[K’ was not declared in this scope
     std::vector<cv::Mat> pred{KF0.predict(),KF1.predict(),KF2.predict(),KF3.predict(),KF4.predict(),KF5.predict()};
[01;32m[K                                                                                                     ^[m[K
[01m[K/home/plugit/lidar_mapping/src/multiple-object-tracking-lidar/src/main.cpp:129:114:[m[K [01;31m[Kerror: [m[Kno matching function for call to ‘[01m[Kstd::vector<cv::Mat>::vector(<brace-enclosed initializer list>)[m[K’
     std::vector<cv::Mat> pred{KF0.predict(),KF1.predict(),KF2.predict(),KF3.predict(),KF4.predict(),KF5.predict()};
[01;32m[K                                                                                                                  ^[m[K
In file included from [01m[K/usr/include/c++/5/vector:64:0[m[K,
                 from [01m[K/usr/include/c++/5/bits/random.h:34[m[K,
                 from [01m[K/usr/include/c++/5/random:49[m[K,
                 from [01m[K/usr/include/c++/5/bits/stl_algo.h:66[m[K,
                 from [01m[K/usr/include/c++/5/algorithm:62[m[K,
                 from [01m[K/home/plugit/lidar_mapping/src/multiple-object-tracking-lidar/src/main.cpp:4[m[K:
[01m[K/usr/include/c++/5/bits/stl_vector.h:401:9:[m[K [01;36m[Knote: [m[Kcandidate: template<class _InputIterator, class> std::vector<_Tp, _Alloc>::vector(_InputIterator, _InputIterator, const allocator_type&)
         vector(_InputIterator __first, _InputIterator __last,
[01;32m[K         ^[m[K
[01m[K/usr/include/c++/5/bits/stl_vector.h:401:9:[m[K [01;36m[Knote: [m[K  template argument deduction/substitution failed:
[01m[K/home/plugit/lidar_mapping/src/multiple-object-tracking-lidar/src/main.cpp:129:70:[m[K [01;36m[Knote: [m[K  cannot convert ‘[01m[KKF2.cv::KalmanFilter::predict(cv::Mat())[m[K’ (type ‘[01m[Kconst cv::Mat[m[K’) to type ‘[01m[Kconst allocator_type& {aka const std::allocator<cv::Mat>&}[m[K’
     std::vector<cv::Mat> pred{KF0.predict(),KF1.predict(),KF2.predict(),KF3.predict(),KF4.predict(),KF5.predict()};
[01;32m[K                                                                      ^[m[K
In file included from [01m[K/usr/include/c++/5/vector:64:0[m[K,
                 from [01m[K/usr/include/c++/5/bits/random.h:34[m[K,
                 from [01m[K/usr/include/c++/5/random:49[m[K,
                 from [01m[K/usr/include/c++/5/bits/stl_algo.h:66[m[K,
                 from [01m[K/usr/include/c++/5/algorithm:62[m[K,
                 from [01m[K/home/plugit/lidar_mapping/src/multiple-object-tracking-lidar/src/main.cpp:4[m[K:
[01m[K/usr/include/c++/5/bits/stl_vector.h:373:7:[m[K [01;36m[Knote: [m[Kcandidate: std::vector<_Tp, _Alloc>::vector(std::initializer_list<_Tp>, const allocator_type&) [with _Tp = cv::Mat; _Alloc = std::allocator<cv::Mat>; std::vector<_Tp, _Alloc>::allocator_type = std::allocator<cv::Mat>]
       vector(initializer_list<value_type> __l,
[01;32m[K       ^[m[K
[01m[K/usr/include/c++/5/bits/stl_vector.h:373:7:[m[K [01;36m[Knote: [m[K  candidate expects 2 arguments, 6 provided
[01m[K/usr/include/c++/5/bits/stl_vector.h:348:7:[m[K [01;36m[Knote: [m[Kcandidate: std::vector<_Tp, _Alloc>::vector(std::vector<_Tp, _Alloc>&&, const allocator_type&) [with _Tp = cv::Mat; _Alloc = std::allocator<cv::Mat>; std::vector<_Tp, _Alloc>::allocator_type = std::allocator<cv::Mat>]
       vector(vector&& __rv, const allocator_type& __m)
[01;32m[K       ^[m[K
[01m[K/usr/include/c++/5/bits/stl_vector.h:348:7:[m[K [01;36m[Knote: [m[K  candidate expects 2 arguments, 6 provided
[01m[K/usr/include/c++/5/bits/stl_vector.h:339:7:[m[K [01;36m[Knote: [m[Kcandidate: std::vector<_Tp, _Alloc>::vector(const std::vector<_Tp, _Alloc>&, const allocator_type&) [with _Tp = cv::Mat; _Alloc = std::allocator<cv::Mat>; std::vector<_Tp, _Alloc>::allocator_type = std::allocator<cv::Mat>]
       vector(const vector& __x, const allocator_type& __a)
[01;32m[K       ^[m[K
[01m[K/usr/include/c++/5/bits/stl_vector.h:339:7:[m[K [01;36m[Knote: [m[K  candidate expects 2 arguments, 6 provided
[01m[K/usr/include/c++/5/bits/stl_vector.h:335:7:[m[K [01;36m[Knote: [m[Kcandidate: std::vector<_Tp, _Alloc>::vector(std::vector<_Tp, _Alloc>&&) [with _Tp = cv::Mat; _Alloc = std::allocator<cv::Mat>]
       vector(vector&& __x) noexcept
[01;32m[K       ^[m[K
[01m[K/usr/include/c++/5/bits/stl_vector.h:335:7:[m[K [01;36m[Knote: [m[K  candidate expects 1 argument, 6 provided
[01m[K/usr/include/c++/5/bits/stl_vector.h:318:7:[m[K [01;36m[Knote: [m[Kcandidate: std::vector<_Tp, _Alloc>::vector(const std::vector<_Tp, _Alloc>&) [with _Tp = cv::Mat; _Alloc = std::allocator<cv::Mat>]
       vector(const vector& __x)
[01;32m[K       ^[m[K
[01m[K/usr/include/c++/5/bits/stl_vector.h:318:7:[m[K [01;36m[Knote: [m[K  candidate expects 1 argument, 6 provided
[01m[K/usr/include/c++/5/bits/stl_vector.h:289:7:[m[K [01;36m[Knote: [m[Kcandidate: std::vector<_Tp, _Alloc>::vector(std::vector<_Tp, _Alloc>::size_type, const value_type&, const allocator_type&) [with _Tp = cv::Mat; _Alloc = std::allocator<cv::Mat>; std::vector<_Tp, _Alloc>::size_type = long unsigned int; std::vector<_Tp, _Alloc>::value_type = cv::Mat; std::vector<_Tp, _Alloc>::allocator_type = std::allocator<cv::Mat>]
       vector(size_type __n, const value_type& __value,
[01;32m[K       ^[m[K
[01m[K/usr/include/c++/5/bits/stl_vector.h:289:7:[m[K [01;36m[Knote: [m[K  candidate expects 3 arguments, 6 provided
[01m[K/usr/include/c++/5/bits/stl_vector.h:277:7:[m[K [01;36m[Knote: [m[Kcandidate: std::vector<_Tp, _Alloc>::vector(std::vector<_Tp, _Alloc>::size_type, const allocator_type&) [with _Tp = cv::Mat; _Alloc = std::allocator<cv::Mat>; std::vector<_Tp, _Alloc>::size_type = long unsigned int; std::vector<_Tp, _Alloc>::allocator_type = std::allocator<cv::Mat>]
       vector(size_type __n, const allocator_type& __a = allocator_type())
[01;32m[K       ^[m[K
[01m[K/usr/include/c++/5/bits/stl_vector.h:277:7:[m[K [01;36m[Knote: [m[K  candidate expects 2 arguments, 6 provided
[01m[K/usr/include/c++/5/bits/stl_vector.h:264:7:[m[K [01;36m[Knote: [m[Kcandidate: std::vector<_Tp, _Alloc>::vector(const allocator_type&) [with _Tp = cv::Mat; _Alloc = std::allocator<cv::Mat>; std::vector<_Tp, _Alloc>::allocator_type = std::allocator<cv::Mat>]
       vector(const allocator_type& __a) _GLIBCXX_NOEXCEPT
[01;32m[K       ^[m[K
[01m[K/usr/include/c++/5/bits/stl_vector.h:264:7:[m[K [01;36m[Knote: [m[K  candidate expects 1 argument, 6 provided
[01m[K/usr/include/c++/5/bits/stl_vector.h:253:7:[m[K [01;36m[Knote: [m[Kcandidate: std::vector<_Tp, _Alloc>::vector() [with _Tp = cv::Mat; _Alloc = std::allocator<cv::Mat>]
       vector()
[01;32m[K       ^[m[K
[01m[K/usr/include/c++/5/bits/stl_vector.h:253:7:[m[K [01;36m[Knote: [m[K  candidate expects 0 arguments, 6 provided
make[2]: *** [CMakeFiles/kf_tracker.dir/src/main.cpp.o] Error 1
make[1]: *** [CMakeFiles/kf_tracker.dir/all] Error 2
make: *** [all] Error 2
